<?xml version="1.0" encoding="UTF-8"?>
<!-- Generated by org.testng.reporters.JUnitReportReporter -->
<testsuite hostname="ULTS-LAP668" failures="0" tests="1" name="testpom.logintestcase" time="2.056" errors="0" timestamp="2024-10-14T17:53:34 IST" skipped="0">
  <testcase classname="testpom.logintestcase" name="passvalues" time="2.056"/>
  <system-out/>
</testsuite> <!-- testpom.logintestcase -->
