<?xml version="1.0" encoding="UTF-8"?>
<!-- Generated by org.testng.reporters.JUnitReportReporter -->
<testsuite hostname="ULTS-LAP668" failures="0" tests="1" name="testpom.homepagetest" time="0.332" errors="0" timestamp="2025-03-20T12:18:48 IST" skipped="0">
  <testcase classname="testpom.homepagetest" name="actions" time="0.332"/>
  <system-out/>
</testsuite> <!-- testpom.homepagetest -->
