<?xml version="1.0" encoding="UTF-8"?>
<!-- Generated by org.testng.reporters.JUnitReportReporter -->
<testsuite hostname="ULTS-LAP668" failures="0" tests="1" name="testpom.homepagetest" time="0.543" errors="0" timestamp="2024-10-14T17:53:34 IST" skipped="0">
  <testcase classname="testpom.homepagetest" name="actions" time="0.543"/>
  <system-out/>
</testsuite> <!-- testpom.homepagetest -->
